#
# A fatal error has been detected by the Java Runtime Environment:
#
#  EXCEPTION_ACCESS_VIOLATION (0xc0000005) at pc=0x000000006de0b107, pid=7452, tid=7824
#
# JRE version:  (8.0_31-b13) (build )
# Java VM: Java HotSpot(TM) 64-Bit Server VM (25.31-b07 mixed mode windows-amd64 compressed oops)
# Problematic frame:
# V  [jvm.dll+0x1fb107]
#
# Failed to write core dump. Minidumps are not enabled by default on client versions of Windows
#
# If you would like to submit a bug report, please visit:
#   http://bugreport.java.com/bugreport/crash.jsp
#

---------------  T H R E A D  ---------------

Current thread (0x000000000256e000):  JavaThread "main" [_thread_in_vm, id=7824, stack(0x00000000027e0000,0x00000000028e0000)]

siginfo: ExceptionCode=0xc0000005, writing address 0x00000000028d5590

Registers:
RAX=0x00000000028d5590, RBX=0x0000000000000006, RCX=0x0000000000005000, RDX=0x0000000000000022
RSP=0x00000000028da590, RBP=0x0000000000000000, RSI=0x00000000028da590, RDI=0x0000000000000006
R8 =0x0000000000000022, R9 =0x00000000024a7ba0, R10=0x0000000055005730, R11=0x00000000027ea158
R12=0x00000000024a7ba0, R13=0x000000000256e000, R14=0x00000000028da658, R15=0x0000000055005730
RIP=0x000000006de0b107, EFLAGS=0x0000000000010206

Top of Stack: (sp=0x00000000028da590)
0x00000000028da590:   00000000024a7ba0 0000000014fe4410
0x00000000028da5a0:   000000000256e000 00000000024a7ba0
0x00000000028da5b0:   00000000ffffffff 000000006de0c037
0x00000000028da5c0:   00000000028da6c0 0000000055005730
0x00000000028da5d0:   000000000256e000 0000000000000000
0x00000000028da5e0:   0000000000000000 0000000000000000
0x00000000028da5f0:   0000000000000000 0000000000000000
0x00000000028da600:   0000000055005730 000000000256e000
0x00000000028da610:   00000000028f0e00 00000000024b17b8
0x00000000028da620:   00000000557e99c0 00000000028daa20
0x00000000028da630:   00000000024aa8a0 0000000000000000
0x00000000028da640:   0000000000000001 0000000055005730
0x00000000028da650:   000000000256e000 000000000256eaa8
0x00000000028da660:   0000000000000000 000000006de33a0f
0x00000000028da670:   00000000028da888 00000000028da710
0x00000000028da680:   000000000256e000 000000000256eaa8 

Instructions: (pc=0x000000006de0b107)
0x000000006de0b0e7:   48 89 6c 24 30 33 ed 66 90 e8 7b 5c 08 00 ff c3
0x000000006de0b0f7:   48 63 c8 48 8b c6 48 0f af cf 48 ff c7 48 2b c1
0x000000006de0b107:   89 28 48 63 c3 48 3b 05 ed 6e 57 00 7e db 48 8b
0x000000006de0b117:   6c 24 30 48 8b 5c 24 38 48 8b 74 24 40 48 83 c4 


Register to memory mapping:

RAX=0x00000000028d5590 is pointing into the stack for thread: 0x000000000256e000
RBX=0x0000000000000006 is an unknown value
RCX=0x0000000000005000 is an unknown value
RDX=0x0000000000000022 is an unknown value
RSP=0x00000000028da590 is pointing into the stack for thread: 0x000000000256e000
RBP=0x0000000000000000 is an unknown value
RSI=0x00000000028da590 is pointing into the stack for thread: 0x000000000256e000
RDI=0x0000000000000006 is an unknown value
R8 =0x0000000000000022 is an unknown value
R9 =0x00000000024a7ba0 is an unknown value
R10={method} {0x0000000055005738} '<init>' '(Ljava/lang/String;)V' in 'java/lang/NoClassDefFoundError'
R11=0x00000000027ea158 is pointing into the stack for thread: 0x000000000256e000
R12=0x00000000024a7ba0 is an unknown value
R13=0x000000000256e000 is a thread
R14=0x00000000028da658 is pointing into the stack for thread: 0x000000000256e000
R15={method} {0x0000000055005738} '<init>' '(Ljava/lang/String;)V' in 'java/lang/NoClassDefFoundError'


Stack: [0x00000000027e0000,0x00000000028e0000],  sp=0x00000000028da590,  free space=1001k
